[0m16:44:20.680756 [debug] [MainThread]: Sending event: {'category': 'dbt', 'action': 'invocation', 'label': 'start', 'context': [<snowplow_tracker.self_describing_json.SelfDescribingJson object at 0x106ccf3b0>, <snowplow_tracker.self_describing_json.SelfDescribingJson object at 0x11232fef0>, <snowplow_tracker.self_describing_json.SelfDescribingJson object at 0x112368230>]}


============================== 16:44:20.683430 | a99826e2-8ae8-4722-b6a5-397d978f659d ==============================
[0m16:44:20.683430 [info ] [MainThread]: Running with dbt=1.9.1
[0m16:44:20.683771 [debug] [MainThread]: running dbt with arguments {'printer_width': '80', 'indirect_selection': 'eager', 'log_cache_events': 'False', 'write_json': 'True', 'partial_parse': 'True', 'cache_selected_only': 'False', 'profiles_dir': '/Users/marcmaurice/.dbt', 'debug': 'False', 'fail_fast': 'False', 'log_path': 'logs', 'warn_error': 'None', 'version_check': 'True', 'use_colors': 'True', 'use_experimental_parser': 'False', 'empty': 'None', 'quiet': 'False', 'no_print': 'None', 'warn_error_options': 'WarnErrorOptions(include=[], exclude=[])', 'invocation_command': 'dbt init aeleads', 'static_parser': 'True', 'introspect': 'True', 'target_path': 'None', 'log_format': 'default', 'send_anonymous_usage_stats': 'True'}
[0m16:44:20.692662 [debug] [MainThread]: Starter project path: /opt/anaconda3/lib/python3.12/site-packages/dbt/include/starter_project
[0m16:44:20.696316 [info ] [MainThread]: 
Your new dbt project "aeleads" was created!

For more information on how to configure the profiles.yml file,
please consult the dbt documentation here:

  https://docs.getdbt.com/docs/configure-your-profile

One more thing:

Need help? Don't hesitate to reach out to us via GitHub issues or on Slack:

  https://community.getdbt.com/

Happy modeling!

[0m16:44:20.696488 [info ] [MainThread]: Setting up your profile.
[0m16:45:21.471159 [info ] [MainThread]: Profile aeleads written to /Users/marcmaurice/.dbt/profiles.yml using target's profile_template.yml and your supplied values. Run 'dbt debug' to validate the connection.
[0m16:45:21.476503 [debug] [MainThread]: Resource report: {"command_name": "init", "command_success": true, "command_wall_clock_time": 60.8399, "process_in_blocks": "0", "process_kernel_time": 0.934086, "process_mem_max_rss": "186548224", "process_out_blocks": "0", "process_user_time": 3.090773}
[0m16:45:21.477299 [debug] [MainThread]: Command `dbt init` succeeded at 16:45:21.477170 after 60.84 seconds
[0m16:45:21.477763 [debug] [MainThread]: Sending event: {'category': 'dbt', 'action': 'invocation', 'label': 'end', 'context': [<snowplow_tracker.self_describing_json.SelfDescribingJson object at 0x111fc9a30>, <snowplow_tracker.self_describing_json.SelfDescribingJson object at 0x14c3bb4a0>, <snowplow_tracker.self_describing_json.SelfDescribingJson object at 0x1123d1f70>]}
[0m16:45:21.478192 [debug] [MainThread]: Flushing usage events
[0m16:45:21.897314 [debug] [MainThread]: An error was encountered while trying to flush usage events
